<?xml version="1.0" encoding="UTF-8"?>
<!-- Generated by org.testng.reporters.JUnitReportReporter -->
<testsuite hostname="admin" name="com.tms.transportPlanning.TestRunner" tests="1" failures="0" timestamp="21 Jun 2018 17:57:02 GMT" time="108.315" errors="0">
  <testcase name="Executer" time="108.315" classname="com.tms.transportPlanning.TestRunner"/>
</testsuite> <!-- com.tms.transportPlanning.TestRunner -->
