<?xml version="1.0" encoding="UTF-8"?>
<!-- Generated by org.testng.reporters.JUnitReportReporter -->
<testsuite hostname="INBADPSAMANTA" name="com.tms.transportPlanning.TestCases" tests="1" failures="0" timestamp="4 Jul 2018 09:59:51 GMT" time="141.192" errors="0">
  <testcase name="IndependentRTSCreation" time="141.192" classname="com.tms.transportPlanning.TestCases"/>
</testsuite> <!-- com.tms.transportPlanning.TestCases -->
