<?xml version="1.0" encoding="UTF-8"?>
<!-- Generated by org.testng.reporters.JUnitReportReporter -->
<testsuite hostname="INBADPSAMANTA" name="com.tms.transportPlanning.TestRunner" tests="1" failures="0" timestamp="3 Jul 2018 04:42:05 GMT" time="403.453" errors="0">
  <testcase name="IndependentRTSCreation" time="403.453" classname="com.tms.transportPlanning.TestRunner"/>
</testsuite> <!-- com.tms.transportPlanning.TestRunner -->
