<?xml version="1.0" encoding="UTF-8"?>
<!-- Generated by org.testng.reporters.JUnitReportReporter -->
<testsuite hostname="INBADPSAMANTA" name="com.tms.transportPlanning.TestRunner" tests="1" failures="0" timestamp="21 Jun 2018 09:00:49 GMT" time="140.357" errors="0">
  <testcase name="Executer" time="140.357" classname="com.tms.transportPlanning.TestRunner"/>
</testsuite> <!-- com.tms.transportPlanning.TestRunner -->
