<?xml version="1.0" encoding="UTF-8"?>
<!-- Generated by org.testng.reporters.JUnitReportReporter -->
<testsuite hostname="INBADPSAMANTA" name="com.tms.transportPlanning.TestRunner" tests="1" failures="0" timestamp="27 Jun 2018 12:21:04 GMT" time="117.232" errors="0">
  <testcase name="IndependentRTSCreation" time="117.232" classname="com.tms.transportPlanning.TestRunner"/>
</testsuite> <!-- com.tms.transportPlanning.TestRunner -->
