<?xml version="1.0" encoding="UTF-8"?>
<!-- Generated by org.testng.reporters.JUnitReportReporter -->
<testsuite hostname="admin" name="com.tms.transportPlanning.TestRunner" tests="1" failures="0" timestamp="27 Jun 2018 18:03:41 GMT" time="244.425" errors="0">
  <testcase name="UO_RTS_TOCreationFlow" time="244.425" classname="com.tms.transportPlanning.TestRunner"/>
</testsuite> <!-- com.tms.transportPlanning.TestRunner -->
